<?xml version="1.0" encoding="UTF-8"?>
<!-- Generated by org.testng.reporters.JUnitXMLReporter -->
<testsuite ignored="0" hostname="DESKTOP-KRUKUAF" failures="0" tests="3" name="Default test" time="0.081" errors="0" timestamp="2022-09-28T14:10:27 IST">
  <testcase classname="testpack.TestNGClass" name="@BeforeTest launchbrowser" time="-1.664354427283E9">
    <failure type="org.testng.TestNGException" message="
Parameter &amp;apos;browser&amp;apos; is required by BeforeTest on method launchbrowser but has not been marked @Optional or defined
in C:\Users\PRASAD BANDAL\AppData\Local\Temp\testng-eclipse--2126987199\testng-customsuite.xml">
      <![CDATA[org.testng.TestNGException: 
Parameter 'browser' is required by BeforeTest on method launchbrowser but has not been marked @Optional or defined
in C:\Users\PRASAD BANDAL\AppData\Local\Temp\testng-eclipse--2126987199\testng-customsuite.xml
at org.testng.internal.Parameters.createParams(Parameters.java:270)
at org.testng.internal.Parameters.createParametersForMethod(Parameters.java:358)
at org.testng.internal.Parameters.createParameters(Parameters.java:700)
at org.testng.internal.Parameters.createConfigurationParameters(Parameters.java:168)
at org.testng.internal.ConfigInvoker.invokeConfigurations(ConfigInvoker.java:302)
at org.testng.TestRunner.invokeTestConfigurations(TestRunner.java:637)
at org.testng.TestRunner.beforeRun(TestRunner.java:627)
at org.testng.TestRunner.run(TestRunner.java:589)
at org.testng.SuiteRunner.runTest(SuiteRunner.java:377)
at org.testng.SuiteRunner.runSequentially(SuiteRunner.java:371)
at org.testng.SuiteRunner.privateRun(SuiteRunner.java:332)
at org.testng.SuiteRunner.run(SuiteRunner.java:276)
at org.testng.SuiteRunnerWorker.runSuite(SuiteRunnerWorker.java:53)
at org.testng.SuiteRunnerWorker.run(SuiteRunnerWorker.java:96)
at org.testng.TestNG.runSuitesSequentially(TestNG.java:1212)
at org.testng.TestNG.runSuitesLocally(TestNG.java:1134)
at org.testng.TestNG.runSuites(TestNG.java:1063)
at org.testng.TestNG.run(TestNG.java:1031)
at org.testng.remote.AbstractRemoteTestNG.run(AbstractRemoteTestNG.java:115)
at org.testng.remote.RemoteTestNG.initAndRun(RemoteTestNG.java:251)
at org.testng.remote.RemoteTestNG.main(RemoteTestNG.java:77)
]]>
    </failure>
  </testcase> <!-- @BeforeTest launchbrowser -->
  <testcase classname="testpack.TestNGClass" name="@BeforeClass createPOMObject" time="-1.664354427311E9">
    <skipped/>
  </testcase> <!-- @BeforeClass createPOMObject -->
  <testcase classname="testpack.TestNGClass" name="@BeforeMethod goToroompage" time="-1.664354427323E9">
    <skipped/>
  </testcase> <!-- @BeforeMethod goToroompage -->
  <testcase classname="testpack.TestNGClass" name="@AfterMethod afterMethod" time="-1.664354427329E9">
    <skipped/>
  </testcase> <!-- @AfterMethod afterMethod -->
  <testcase classname="testpack.TestNGClass" name="@BeforeMethod goToroompage" time="-1.664354427331E9">
    <skipped/>
  </testcase> <!-- @BeforeMethod goToroompage -->
  <testcase classname="testpack.TestNGClass" name="@AfterMethod afterMethod" time="-1.664354427339E9">
    <skipped/>
  </testcase> <!-- @AfterMethod afterMethod -->
  <testcase classname="testpack.TestNGClass" name="@BeforeMethod goToroompage" time="-1.664354427341E9">
    <skipped/>
  </testcase> <!-- @BeforeMethod goToroompage -->
  <testcase classname="testpack.TestNGClass" name="@AfterMethod afterMethod" time="-1.664354427345E9">
    <skipped/>
  </testcase> <!-- @AfterMethod afterMethod -->
  <testcase classname="testpack.TestNGClass" name="@AfterClass afterClass" time="-1.664354427348E9">
    <skipped/>
  </testcase> <!-- @AfterClass afterClass -->
  <testcase classname="testpack.TestNGClass" name="@AfterClass removeObjects" time="-1.66435442735E9">
    <skipped/>
  </testcase> <!-- @AfterClass removeObjects -->
  <testcase classname="testpack.TestNGClass" name="@AfterTest closeBrowser" time="-1.664354427356E9">
    <skipped/>
  </testcase> <!-- @AfterTest closeBrowser -->
  <testcase classname="testpack.TestNGClass" name="VerifyContactHelpCenter" time="0.0">
    <skipped/>
  </testcase> <!-- VerifyContactHelpCenter -->
  <testcase classname="testpack.TestNGClass" name="VerifyReturnToMessanger" time="0.0">
    <skipped/>
  </testcase> <!-- VerifyReturnToMessanger -->
  <testcase classname="testpack.TestNGClass" name="login" time="0.0">
    <skipped/>
  </testcase> <!-- login -->
</testsuite> <!-- Default test -->
